<?xml version="1.0" encoding="UTF-8"?>
<testsuite xmlns:xsi="http://www.w3.org/2001/XMLSchema-instance" xsi:noNamespaceSchemaLocation="https://maven.apache.org/surefire/maven-surefire-plugin/xsd/surefire-test-report.xsd" name="monappli.mvn.DequeTest" time="0.03" tests="6" errors="1" skipped="0" failures="2">
  <properties>
    <property name="java.specification.version" value="16"/>
    <property name="sun.jnu.encoding" value="UTF-8"/>
    <property name="java.class.path" value="/info/etu/l3info/a193962/Documents/JAVAAAACHE/jUnitMaven/pile-file/target/test-classes:/info/etu/l3info/a193962/Documents/JAVAAAACHE/jUnitMaven/pile-file/target/classes:/info/etu/l3info/a193962/.m2/repository/junit/junit/4.11/junit-4.11.jar:/info/etu/l3info/a193962/.m2/repository/org/hamcrest/hamcrest-core/1.3/hamcrest-core-1.3.jar:/info/etu/l3info/a193962/.m2/repository/org/junit/jupiter/junit-jupiter/5.8.2/junit-jupiter-5.8.2.jar:/info/etu/l3info/a193962/.m2/repository/org/junit/jupiter/junit-jupiter-api/5.8.2/junit-jupiter-api-5.8.2.jar:/info/etu/l3info/a193962/.m2/repository/org/opentest4j/opentest4j/1.2.0/opentest4j-1.2.0.jar:/info/etu/l3info/a193962/.m2/repository/org/junit/platform/junit-platform-commons/1.8.2/junit-platform-commons-1.8.2.jar:/info/etu/l3info/a193962/.m2/repository/org/apiguardian/apiguardian-api/1.1.2/apiguardian-api-1.1.2.jar:/info/etu/l3info/a193962/.m2/repository/org/junit/jupiter/junit-jupiter-params/5.8.2/junit-jupiter-params-5.8.2.jar:/info/etu/l3info/a193962/.m2/repository/org/junit/jupiter/junit-jupiter-engine/5.8.2/junit-jupiter-engine-5.8.2.jar:/info/etu/l3info/a193962/.m2/repository/org/junit/platform/junit-platform-engine/1.8.2/junit-platform-engine-1.8.2.jar:"/>
    <property name="java.vm.vendor" value="Oracle Corporation"/>
    <property name="sun.arch.data.model" value="64"/>
    <property name="java.vendor.url" value="https://java.oracle.com/"/>
    <property name="os.name" value="Linux"/>
    <property name="java.vm.specification.version" value="16"/>
    <property name="sun.java.launcher" value="SUN_STANDARD"/>
    <property name="user.country" value="FR"/>
    <property name="sun.boot.library.path" value="/usr/lib/jvm/jdk-16.0.2/lib"/>
    <property name="sun.java.command" value="/info/etu/l3info/a193962/Documents/JAVAAAACHE/jUnitMaven/pile-file/target/surefire/surefirebooter12907478211984792708.jar /info/etu/l3info/a193962/Documents/JAVAAAACHE/jUnitMaven/pile-file/target/surefire 2023-02-08T12-04-10_357-jvmRun1 surefire1188288929890782417tmp surefire_09501774957583661751tmp"/>
    <property name="jdk.debug" value="release"/>
    <property name="surefire.test.class.path" value="/info/etu/l3info/a193962/Documents/JAVAAAACHE/jUnitMaven/pile-file/target/test-classes:/info/etu/l3info/a193962/Documents/JAVAAAACHE/jUnitMaven/pile-file/target/classes:/info/etu/l3info/a193962/.m2/repository/junit/junit/4.11/junit-4.11.jar:/info/etu/l3info/a193962/.m2/repository/org/hamcrest/hamcrest-core/1.3/hamcrest-core-1.3.jar:/info/etu/l3info/a193962/.m2/repository/org/junit/jupiter/junit-jupiter/5.8.2/junit-jupiter-5.8.2.jar:/info/etu/l3info/a193962/.m2/repository/org/junit/jupiter/junit-jupiter-api/5.8.2/junit-jupiter-api-5.8.2.jar:/info/etu/l3info/a193962/.m2/repository/org/opentest4j/opentest4j/1.2.0/opentest4j-1.2.0.jar:/info/etu/l3info/a193962/.m2/repository/org/junit/platform/junit-platform-commons/1.8.2/junit-platform-commons-1.8.2.jar:/info/etu/l3info/a193962/.m2/repository/org/apiguardian/apiguardian-api/1.1.2/apiguardian-api-1.1.2.jar:/info/etu/l3info/a193962/.m2/repository/org/junit/jupiter/junit-jupiter-params/5.8.2/junit-jupiter-params-5.8.2.jar:/info/etu/l3info/a193962/.m2/repository/org/junit/jupiter/junit-jupiter-engine/5.8.2/junit-jupiter-engine-5.8.2.jar:/info/etu/l3info/a193962/.m2/repository/org/junit/platform/junit-platform-engine/1.8.2/junit-platform-engine-1.8.2.jar:"/>
    <property name="sun.cpu.endian" value="little"/>
    <property name="user.home" value="/info/etu/l3info/a193962"/>
    <property name="user.language" value="fr"/>
    <property name="java.specification.vendor" value="Oracle Corporation"/>
    <property name="java.version.date" value="2021-07-20"/>
    <property name="java.home" value="/usr/lib/jvm/jdk-16.0.2"/>
    <property name="file.separator" value="/"/>
    <property name="basedir" value="/info/etu/l3info/a193962/Documents/JAVAAAACHE/jUnitMaven/pile-file"/>
    <property name="java.vm.compressedOopsMode" value="Zero based"/>
    <property name="line.separator" value="&#10;"/>
    <property name="java.vm.specification.vendor" value="Oracle Corporation"/>
    <property name="java.specification.name" value="Java Platform API Specification"/>
    <property name="surefire.real.class.path" value="/info/etu/l3info/a193962/Documents/JAVAAAACHE/jUnitMaven/pile-file/target/surefire/surefirebooter12907478211984792708.jar"/>
    <property name="sun.management.compiler" value="HotSpot 64-Bit Tiered Compilers"/>
    <property name="java.runtime.version" value="16.0.2+7-67"/>
    <property name="user.name" value="a193962"/>
    <property name="path.separator" value=":"/>
    <property name="os.version" value="5.15.0-48-generic"/>
    <property name="java.runtime.name" value="Java(TM) SE Runtime Environment"/>
    <property name="file.encoding" value="UTF-8"/>
    <property name="java.vm.name" value="Java HotSpot(TM) 64-Bit Server VM"/>
    <property name="localRepository" value="/info/etu/l3info/a193962/.m2/repository"/>
    <property name="java.vendor.url.bug" value="https://bugreport.java.com/bugreport/"/>
    <property name="java.io.tmpdir" value="/tmp"/>
    <property name="java.version" value="16.0.2"/>
    <property name="user.dir" value="/info/etu/l3info/a193962/Documents/JAVAAAACHE/jUnitMaven/pile-file"/>
    <property name="os.arch" value="amd64"/>
    <property name="java.vm.specification.name" value="Java Virtual Machine Specification"/>
    <property name="java.library.path" value="/usr/java/packages/lib:/usr/lib64:/lib64:/lib:/usr/lib"/>
    <property name="java.vm.info" value="mixed mode, sharing"/>
    <property name="java.vendor" value="Oracle Corporation"/>
    <property name="java.vm.version" value="16.0.2+7-67"/>
    <property name="sun.io.unicode.encoding" value="UnicodeLittle"/>
    <property name="java.class.version" value="60.0"/>
  </properties>
  <testcase name="ajouterTeteOterTeteNValeurs" classname="monappli.mvn.DequeTest" time="0.012"/>
  <testcase name="ajouterQueueOterQueueUneValeur" classname="monappli.mvn.DequeTest" time="0.005">
    <failure type="java.lang.AssertionError">java.lang.AssertionError
	at monappli.mvn.DequeTest.ajouterQueueOterQueueUneValeur(DequeTest.java:97)
</failure>
    <system-out><![CDATA[
&amp#27;[47m&amp#27;[30majouterQueueOterQueueUneValeur -->&amp#27;[0m&amp#27;[32m OK&amp#27;[0m

]]></system-out>
  </testcase>
  <testcase name="ajouterQueueOterQueueNValeurs" classname="monappli.mvn.DequeTest" time="0.001">
    <error message="Cannot invoke &quot;monappli.mvn.Element.getValeur()&quot; because &quot;this.queue&quot; is null" type="java.lang.NullPointerException">java.lang.NullPointerException: Cannot invoke "monappli.mvn.Element.getValeur()" because "this.queue" is null
	at monappli.mvn.DequeTest.ajouterQueueOterQueueNValeurs(DequeTest.java:85)
</error>
    <system-out><![CDATA[
&amp#27;[47m&amp#27;[30majouterQueueOterQueueNValeurs -->&amp#27;[0m&amp#27;[32m OK&amp#27;[0m

]]></system-out>
  </testcase>
  <testcase name="ajouterTeteOterTeteDeuxValeurs" classname="monappli.mvn.DequeTest" time="0.001"/>
  <testcase name="ajouterQueueOterQueueDeuxValeurs" classname="monappli.mvn.DequeTest" time="0.001">
    <failure type="java.lang.AssertionError">java.lang.AssertionError
	at monappli.mvn.DequeTest.ajouterQueueOterQueueDeuxValeurs(DequeTest.java:109)
</failure>
    <system-out><![CDATA[
&amp#27;[47m&amp#27;[30majouterQueueOterQueueDeuxValeurs -->&amp#27;[0m&amp#27;[32m OK&amp#27;[0m

]]></system-out>
  </testcase>
  <testcase name="ajouterTeteOterTeteUneValeur" classname="monappli.mvn.DequeTest" time="0.001"/>
</testsuite>